<?xml version="1.0" encoding="UTF-8"?>
<!-- Generated by org.testng.reporters.JUnitXMLReporter -->
<testsuite ignored="5" hostname="Ishan" failures="2" tests="2" name="Surefire test" time="0.041" errors="0" timestamp="2025-12-22T22:26:35 IST">
  <testcase classname="tests.FlightBookingTest" name="TC02_searchFlightwithValidCity" time="0.005">
    <failure type="java.lang.NullPointerException" message="Cannot invoke &amp;quot;org.openqa.selenium.WebDriver.get(String)&amp;quot; because &amp;quot;this.driver&amp;quot; is null">
      <![CDATA[java.lang.NullPointerException: Cannot invoke "org.openqa.selenium.WebDriver.get(String)" because "this.driver" is null
at pages.HomePage.navigateToHomePage(HomePage.java:19)
at pages.HomePage.findFlights(HomePage.java:28)
at tests.FlightBookingTest.TC02_searchFlightwithValidCity(FlightBookingTest.java:64)
at java.base/java.util.ArrayList.forEach(ArrayList.java:1596)
... Removed 30 stack frames]]>
    </failure>
  </testcase> <!-- TC02_searchFlightwithValidCity -->
  <testcase classname="tests.FlightBookingTest" name="TC_03completeFlightBooking" time="0.0">
    <failure type="java.lang.NullPointerException" message="Cannot invoke &amp;quot;org.openqa.selenium.WebDriver.get(String)&amp;quot; because &amp;quot;this.driver&amp;quot; is null">
      <![CDATA[java.lang.NullPointerException: Cannot invoke "org.openqa.selenium.WebDriver.get(String)" because "this.driver" is null
at pages.HomePage.navigateToHomePage(HomePage.java:19)
at pages.HomePage.findFlights(HomePage.java:28)
at tests.FlightBookingTest.TC_03completeFlightBooking(FlightBookingTest.java:77)
at java.base/java.util.ArrayList.forEach(ArrayList.java:1596)
... Removed 30 stack frames]]>
    </failure>
  </testcase> <!-- TC_03completeFlightBooking -->
  <testcase classname="tests.FlightBookingTest" name="TC_05BlankCreditCard" time="0.0">
    <ignored/>
  </testcase> <!-- TC_05BlankCreditCard -->
  <testcase classname="tests.FlightBookingTest" name="TC_07SameDepartureNDestination" time="0.0">
    <ignored/>
  </testcase> <!-- TC_07SameDepartureNDestination -->
  <testcase classname="tests.FlightBookingTest" name="TC01_verifyHomePage" time="0.0">
    <ignored/>
  </testcase> <!-- TC01_verifyHomePage -->
  <testcase classname="tests.FlightBookingTest" name="TC_06InvalidCreditCardChars" time="0.0">
    <ignored/>
  </testcase> <!-- TC_06InvalidCreditCardChars -->
  <testcase classname="tests.FlightBookingTest" name="TC_04MultipleBookingsWithDataSets" time="0.0">
    <ignored/>
  </testcase> <!-- TC_04MultipleBookingsWithDataSets -->
</testsuite> <!-- Surefire test -->
