<?xml version="1.0" encoding="UTF-8"?>
<!-- Generated by org.testng.reporters.JUnitXMLReporter -->
<testsuite ignored="0" hostname="Ishan" failures="2" tests="10" name="Test" time="157.723" errors="0" timestamp="2025-12-24T14:11:01 IST">
  <testcase classname="tests.FlightBookingTest" name="TC01_verifyHomePage" time="4.671"/>
  <testcase classname="tests.FlightBookingTest" name="TC02_searchFlightwithValidCity" time="11.423"/>
  <testcase classname="tests.FlightBookingTest" name="TC_03completeFlightBooking" time="19.117"/>
  <testcase classname="tests.FlightBookingTest" name="TC_04MultipleBookingsWithDataSets" time="18.306"/>
  <testcase classname="tests.FlightBookingTest" name="TC_04MultipleBookingsWithDataSets" time="18.918"/>
  <testcase classname="tests.FlightBookingTest" name="TC_04MultipleBookingsWithDataSets" time="19.314"/>
  <testcase classname="tests.FlightBookingTest" name="TC_04MultipleBookingsWithDataSets" time="18.811"/>
  <testcase classname="tests.FlightBookingTest" name="TC_05BlankCreditCard" time="19.592">
    <failure type="java.lang.AssertionError" message="Credit Card Number Is Blank! did not expect [Thank you for your purchase today!] but found [Thank you for your purchase today!]">
      <![CDATA[java.lang.AssertionError: Credit Card Number Is Blank! did not expect [Thank you for your purchase today!] but found [Thank you for your purchase today!]
at tests.FlightBookingTest.TC_05BlankCreditCard(FlightBookingTest.java:126)
at java.base/java.util.ArrayList.forEach(ArrayList.java:1596)
... Removed 29 stack frames]]>
    </failure>
  </testcase> <!-- TC_05BlankCreditCard -->
  <testcase classname="tests.FlightBookingTest" name="TC_06InvalidCreditCardChars" time="18.83">
    <failure type="java.lang.AssertionError" message="Invalid Credit Card Characters! did not expect [Thank you for your purchase today!] but found [Thank you for your purchase today!]">
      <![CDATA[java.lang.AssertionError: Invalid Credit Card Characters! did not expect [Thank you for your purchase today!] but found [Thank you for your purchase today!]
at tests.FlightBookingTest.TC_06InvalidCreditCardChars(FlightBookingTest.java:149)
at java.base/java.util.ArrayList.forEach(ArrayList.java:1596)
... Removed 29 stack frames]]>
    </failure>
  </testcase> <!-- TC_06InvalidCreditCardChars -->
  <testcase classname="tests.FlightBookingTest" name="TC_07SameDepartureNDestination" time="6.742"/>
</testsuite> <!-- Test -->
