<?xml version="1.0" encoding="UTF-8"?>
<testng-results ignored="6" total="7" passed="0" failed="1" skipped="0">
  <reporter-output>
  </reporter-output>
  <suite started-at="2025-12-24T14:12:03 IST" name="Default suite" finished-at="2025-12-24T14:12:23 IST" duration-ms="20026">
    <groups>
      <group name="negative">
        <method signature="FlightBookingTest.TC_05BlankCreditCard()[pri:0, instance:tests.FlightBookingTest@c730b35]" name="TC_05BlankCreditCard" class="tests.FlightBookingTest"/>
      </group> <!-- negative -->
    </groups>
    <test started-at="2025-12-24T14:12:03 IST" name="Default test" finished-at="2025-12-24T14:12:23 IST" duration-ms="20026">
      <class name="tests.FlightBookingTest">
        <test-method is-config="true" signature="initDriver()[pri:0, instance:tests.FlightBookingTest@c730b35]" started-at="2025-12-24T14:12:01 IST" name="initDriver" finished-at="2025-12-24T14:12:03 IST" duration-ms="1371" status="PASS">
          <reporter-output>
          </reporter-output>
        </test-method> <!-- initDriver -->
        <test-method signature="TC_05BlankCreditCard()[pri:0, instance:tests.FlightBookingTest@c730b35]" started-at="2025-12-24T14:12:03 IST" name="TC_05BlankCreditCard" finished-at="2025-12-24T14:12:23 IST" duration-ms="19982" status="FAIL">
          <exception class="java.lang.AssertionError">
            <message>
              <![CDATA[Credit Card Number Is Blank! did not expect [Thank you for your purchase today!] but found [Thank you for your purchase today!]]]>
            </message>
            <full-stacktrace>
              <![CDATA[java.lang.AssertionError: Credit Card Number Is Blank! did not expect [Thank you for your purchase today!] but found [Thank you for your purchase today!]
at org.testng.Assert.fail(Assert.java:110)
at org.testng.Assert.failEquals(Assert.java:1417)
at org.testng.Assert.assertNotEqualsImpl(Assert.java:156)
at org.testng.Assert.assertNotEquals(Assert.java:2033)
at tests.FlightBookingTest.TC_05BlankCreditCard(FlightBookingTest.java:126)
at java.base/jdk.internal.reflect.DirectMethodHandleAccessor.invoke(DirectMethodHandleAccessor.java:103)
at java.base/java.lang.reflect.Method.invoke(Method.java:580)
at org.testng.internal.invokers.MethodInvocationHelper.invokeMethod(MethodInvocationHelper.java:139)
at org.testng.internal.invokers.TestInvoker.invokeMethod(TestInvoker.java:677)
at org.testng.internal.invokers.TestInvoker.invokeTestMethod(TestInvoker.java:221)
at org.testng.internal.invokers.MethodRunner.runInSequence(MethodRunner.java:50)
at org.testng.internal.invokers.TestInvoker$MethodInvocationAgent.invoke(TestInvoker.java:969)
at org.testng.internal.invokers.TestInvoker.invokeTestMethods(TestInvoker.java:194)
at org.testng.internal.invokers.TestMethodWorker.invokeTestMethods(TestMethodWorker.java:148)
at org.testng.internal.invokers.TestMethodWorker.run(TestMethodWorker.java:128)
at java.base/java.util.ArrayList.forEach(ArrayList.java:1596)
at org.testng.TestRunner.privateRun(TestRunner.java:829)
at org.testng.TestRunner.run(TestRunner.java:602)
at org.testng.SuiteRunner.runTest(SuiteRunner.java:437)
at org.testng.SuiteRunner.runSequentially(SuiteRunner.java:431)
at org.testng.SuiteRunner.privateRun(SuiteRunner.java:391)
at org.testng.SuiteRunner.run(SuiteRunner.java:330)
at org.testng.SuiteRunnerWorker.runSuite(SuiteRunnerWorker.java:52)
at org.testng.SuiteRunnerWorker.run(SuiteRunnerWorker.java:95)
at org.testng.TestNG.runSuitesSequentially(TestNG.java:1256)
at org.testng.TestNG.runSuitesLocally(TestNG.java:1176)
at org.testng.TestNG.runSuites(TestNG.java:1099)
at org.testng.TestNG.run(TestNG.java:1067)
at org.testng.remote.AbstractRemoteTestNG.run(AbstractRemoteTestNG.java:115)
at org.testng.remote.RemoteTestNG.initAndRun(RemoteTestNG.java:293)
at org.testng.remote.RemoteTestNG.main(RemoteTestNG.java:91)
]]>
            </full-stacktrace>
          </exception> <!-- java.lang.AssertionError -->
          <reporter-output>
          </reporter-output>
        </test-method> <!-- TC_05BlankCreditCard -->
        <test-method is-config="true" signature="quitDriver()[pri:0, instance:tests.FlightBookingTest@c730b35]" started-at="2025-12-24T14:12:23 IST" name="quitDriver" finished-at="2025-12-24T14:12:23 IST" duration-ms="293" status="PASS">
          <reporter-output>
          </reporter-output>
        </test-method> <!-- quitDriver -->
      </class> <!-- tests.FlightBookingTest -->
    </test> <!-- Default test -->
  </suite> <!-- Default suite -->
</testng-results>
